{"/home/labpc/projects/lsd-payments/eks-demo-app/backend/src/app.js": {"path":"/home/labpc/projects/lsd-payments/eks-demo-app/backend/src/app.js","statementMap":{"0":{"start":{"line":1,"column":16},"end":{"line":1,"column":34}},"1":{"start":{"line":2,"column":13},"end":{"line":2,"column":28}},"2":{"start":{"line":3,"column":15},"end":{"line":3,"column":32}},"3":{"start":{"line":4,"column":15},"end":{"line":4,"column":32}},"4":{"start":{"line":6,"column":23},"end":{"line":6,"column":51}},"5":{"start":{"line":7,"column":21},"end":{"line":7,"column":47}},"6":{"start":{"line":9,"column":12},"end":{"line":9,"column":21}},"7":{"start":{"line":11,"column":0},"end":{"line":11,"column":18}},"8":{"start":{"line":12,"column":0},"end":{"line":12,"column":16}},"9":{"start":{"line":13,"column":0},"end":{"line":13,"column":28}},"10":{"start":{"line":14,"column":0},"end":{"line":14,"column":24}},"11":{"start":{"line":16,"column":0},"end":{"line":16,"column":33}},"12":{"start":{"line":17,"column":0},"end":{"line":17,"column":41}},"13":{"start":{"line":19,"column":0},"end":{"line":19,"column":21}}},"fnMap":{},"branchMap":{},"s":{"0":1,"1":1,"2":1,"3":1,"4":1,"5":1,"6":1,"7":1,"8":1,"9":1,"10":1,"11":1,"12":1,"13":1},"f":{},"b":{},"_coverageSchema":"1a1c01bbd47fc00a2c39e90264f33305004495a9","hash":"d6663ae1f9f7ddb0467173d4b7ba9948f75f48f8"}
,"/home/labpc/projects/lsd-payments/eks-demo-app/backend/src/routes/health.js": {"path":"/home/labpc/projects/lsd-payments/eks-demo-app/backend/src/routes/health.js","statementMap":{"0":{"start":{"line":1,"column":16},"end":{"line":1,"column":34}},"1":{"start":{"line":2,"column":15},"end":{"line":2,"column":31}},"2":{"start":{"line":3,"column":18},"end":{"line":3,"column":34}},"3":{"start":{"line":5,"column":0},"end":{"line":21,"column":3}},"4":{"start":{"line":6,"column":2},"end":{"line":20,"column":3}},"5":{"start":{"line":7,"column":4},"end":{"line":7,"column":28}},"6":{"start":{"line":8,"column":4},"end":{"line":12,"column":7}},"7":{"start":{"line":14,"column":4},"end":{"line":19,"column":7}},"8":{"start":{"line":23,"column":0},"end":{"line":23,"column":24}}},"fnMap":{"0":{"name":"(anonymous_0)","decl":{"start":{"line":5,"column":16},"end":{"line":5,"column":17}},"loc":{"start":{"line":5,"column":36},"end":{"line":21,"column":1}},"line":5}},"branchMap":{},"s":{"0":1,"1":1,"2":1,"3":1,"4":1,"5":1,"6":1,"7":0,"8":1},"f":{"0":1},"b":{},"_coverageSchema":"1a1c01bbd47fc00a2c39e90264f33305004495a9","hash":"f47d001aefffd1fab8c83683cd18659f7a814157"}
,"/home/labpc/projects/lsd-payments/eks-demo-app/backend/src/routes/payments.js": {"path":"/home/labpc/projects/lsd-payments/eks-demo-app/backend/src/routes/payments.js","statementMap":{"0":{"start":{"line":1,"column":16},"end":{"line":1,"column":34}},"1":{"start":{"line":2,"column":15},"end":{"line":2,"column":31}},"2":{"start":{"line":3,"column":18},"end":{"line":3,"column":34}},"3":{"start":{"line":6,"column":2},"end":{"line":17,"column":5}},"4":{"start":{"line":18,"column":2},"end":{"line":18,"column":38}},"5":{"start":{"line":21,"column":0},"end":{"line":21,"column":30}},"6":{"start":{"line":23,"column":0},"end":{"line":35,"column":3}},"7":{"start":{"line":24,"column":2},"end":{"line":34,"column":3}},"8":{"start":{"line":25,"column":4},"end":{"line":25,"column":25}},"9":{"start":{"line":26,"column":19},"end":{"line":28,"column":5}},"10":{"start":{"line":29,"column":4},"end":{"line":29,"column":26}},"11":{"start":{"line":30,"column":4},"end":{"line":30,"column":26}},"12":{"start":{"line":32,"column":4},"end":{"line":32,"column":28}},"13":{"start":{"line":33,"column":4},"end":{"line":33,"column":49}},"14":{"start":{"line":37,"column":0},"end":{"line":53,"column":3}},"15":{"start":{"line":38,"column":2},"end":{"line":52,"column":3}},"16":{"start":{"line":39,"column":4},"end":{"line":39,"column":25}},"17":{"start":{"line":40,"column":19},"end":{"line":43,"column":5}},"18":{"start":{"line":44,"column":4},"end":{"line":44,"column":26}},"19":{"start":{"line":45,"column":4},"end":{"line":47,"column":5}},"20":{"start":{"line":46,"column":6},"end":{"line":46,"column":66}},"21":{"start":{"line":48,"column":4},"end":{"line":48,"column":29}},"22":{"start":{"line":50,"column":4},"end":{"line":50,"column":28}},"23":{"start":{"line":51,"column":4},"end":{"line":51,"column":49}},"24":{"start":{"line":55,"column":0},"end":{"line":78,"column":3}},"25":{"start":{"line":56,"column":63},"end":{"line":56,"column":71}},"26":{"start":{"line":58,"column":2},"end":{"line":62,"column":3}},"27":{"start":{"line":59,"column":4},"end":{"line":61,"column":7}},"28":{"start":{"line":64,"column":2},"end":{"line":77,"column":3}},"29":{"start":{"line":65,"column":4},"end":{"line":65,"column":25}},"30":{"start":{"line":66,"column":19},"end":{"line":71,"column":5}},"31":{"start":{"line":72,"column":4},"end":{"line":72,"column":26}},"32":{"start":{"line":73,"column":4},"end":{"line":73,"column":41}},"33":{"start":{"line":75,"column":4},"end":{"line":75,"column":28}},"34":{"start":{"line":76,"column":4},"end":{"line":76,"column":49}},"35":{"start":{"line":80,"column":0},"end":{"line":80,"column":24}}},"fnMap":{"0":{"name":"initDb","decl":{"start":{"line":5,"column":15},"end":{"line":5,"column":21}},"loc":{"start":{"line":5,"column":24},"end":{"line":19,"column":1}},"line":5},"1":{"name":"(anonymous_1)","decl":{"start":{"line":23,"column":16},"end":{"line":23,"column":17}},"loc":{"start":{"line":23,"column":36},"end":{"line":35,"column":1}},"line":23},"2":{"name":"(anonymous_2)","decl":{"start":{"line":37,"column":19},"end":{"line":37,"column":20}},"loc":{"start":{"line":37,"column":39},"end":{"line":53,"column":1}},"line":37},"3":{"name":"(anonymous_3)","decl":{"start":{"line":55,"column":17},"end":{"line":55,"column":18}},"loc":{"start":{"line":55,"column":37},"end":{"line":78,"column":1}},"line":55}},"branchMap":{"0":{"loc":{"start":{"line":45,"column":4},"end":{"line":47,"column":5}},"type":"if","locations":[{"start":{"line":45,"column":4},"end":{"line":47,"column":5}},{"start":{},"end":{}}],"line":45},"1":{"loc":{"start":{"line":58,"column":2},"end":{"line":62,"column":3}},"type":"if","locations":[{"start":{"line":58,"column":2},"end":{"line":62,"column":3}},{"start":{},"end":{}}],"line":58},"2":{"loc":{"start":{"line":58,"column":6},"end":{"line":58,"column":38}},"type":"binary-expr","locations":[{"start":{"line":58,"column":6},"end":{"line":58,"column":13}},{"start":{"line":58,"column":17},"end":{"line":58,"column":24}},{"start":{"line":58,"column":28},"end":{"line":58,"column":38}}],"line":58},"3":{"loc":{"start":{"line":70,"column":15},"end":{"line":70,"column":32}},"type":"binary-expr","locations":[{"start":{"line":70,"column":15},"end":{"line":70,"column":23}},{"start":{"line":70,"column":27},"end":{"line":70,"column":32}}],"line":70}},"s":{"0":1,"1":1,"2":1,"3":1,"4":1,"5":1,"6":1,"7":1,"8":1,"9":1,"10":1,"11":1,"12":0,"13":0,"14":1,"15":0,"16":0,"17":0,"18":0,"19":0,"20":0,"21":0,"22":0,"23":0,"24":1,"25":1,"26":1,"27":1,"28":0,"29":0,"30":0,"31":0,"32":0,"33":0,"34":0,"35":1},"f":{"0":1,"1":1,"2":0,"3":1},"b":{"0":[0,0],"1":[1,0],"2":[1,1,0],"3":[0,0]},"_coverageSchema":"1a1c01bbd47fc00a2c39e90264f33305004495a9","hash":"0340224b8dacb533b14cc31a9e46780c1d498f7d"}
}
